<?xml version="1.0" encoding="UTF-8"?>
<!-- Generated by org.testng.reporters.JUnitXMLReporter -->
<testsuite ignored="1" hostname="DESKTOP-A54I250" failures="4" tests="17" name="Test" time="9.252" errors="0" timestamp="2026-09-22T21:10:36 IST">
  <testcase classname="testcases.GroupTest" name="login" time="0.012"/>
  <testcase classname="testcases.GroupTest" name="logout" time="0.003"/>
  <testcase classname="testcases.GroupTest" name="payment" time="0.002"/>
  <testcase classname="testcases.ExampleTest" name="checkin" time="0.016">
    <skipped/>
  </testcase> <!-- checkin -->
  <testcase classname="testcases.ExampleTest" name="checkin" time="0.002">
    <skipped/>
  </testcase> <!-- checkin -->
  <testcase classname="testcases.ExampleTest" name="checkin" time="0.004">
    <failure type="java.lang.AssertionError" message="expected [false] but found [true]">
      <![CDATA[java.lang.AssertionError: expected [false] but found [true]
at testcases.ExampleTest.checkin(ExampleTest.java:29)
at java.base/java.util.ArrayList.forEach(ArrayList.java:1511)
... Removed 31 stack frames]]>
    </failure>
  </testcase> <!-- checkin -->
  <testcase classname="testcases.ExampleTest" name="login" time="0.002"/>
  <testcase classname="testcases.ExampleTest" name="data" time="3.028">
    <skipped/>
  </testcase> <!-- data -->
  <testcase classname="testcases.ExampleTest" name="data" time="3.017">
    <skipped/>
  </testcase> <!-- data -->
  <testcase classname="testcases.ExampleTest" name="data" time="3.003">
    <failure type="org.testng.internal.thread.ThreadTimeoutException" message="Method testcases.ExampleTest.data() didn&amp;apos;t finish within the time-out 3000">
      <![CDATA[org.testng.internal.thread.ThreadTimeoutException: Method testcases.ExampleTest.data() didn't finish within the time-out 3000
at java.base@17.0.8/java.lang.Thread.sleep(Native Method)
at app//testcases.ExampleTest.data(ExampleTest.java:40)
at java.base@17.0.8/java.util.concurrent.FutureTask.run(FutureTask.java:264)
at java.base@17.0.8/java.util.concurrent.ThreadPoolExecutor.runWorker(ThreadPoolExecutor.java:1136)
at java.base@17.0.8/java.util.concurrent.ThreadPoolExecutor$Worker.run(ThreadPoolExecutor.java:635)
at java.base@17.0.8/java.lang.Thread.run(Thread.java:833)
... Removed 8 stack frames]]>
    </failure>
  </testcase> <!-- data -->
  <testcase classname="testcases.ExampleTest" name="methodA" time="0.001">
    <skipped/>
  </testcase> <!-- methodA -->
  <testcase classname="testcases.ExampleTest" name="methodA" time="0.001">
    <skipped/>
  </testcase> <!-- methodA -->
  <testcase classname="testcases.ExampleTest" name="methodA" time="0.001">
    <failure type="java.lang.AssertionError" message="expected [true] but found [false]">
      <![CDATA[java.lang.AssertionError: expected [true] but found [false]
at testcases.ExampleTest.methodA(ExampleTest.java:11)
at java.base/java.util.ArrayList.forEach(ArrayList.java:1511)
... Removed 31 stack frames]]>
    </failure>
  </testcase> <!-- methodA -->
  <testcase classname="testcases.ExampleTest" name="methodC" time="0.001">
    <skipped/>
  </testcase> <!-- methodC -->
  <testcase classname="testcases.ExampleTest" name="methodC" time="0.001">
    <skipped/>
  </testcase> <!-- methodC -->
  <testcase classname="testcases.ExampleTest" name="methodC" time="0.001">
    <failure type="java.lang.ArithmeticException" message="/ by zero">
      <![CDATA[java.lang.ArithmeticException: / by zero
at testcases.ExampleTest.methodC(ExampleTest.java:23)
at java.base/java.util.ArrayList.forEach(ArrayList.java:1511)
... Removed 27 stack frames]]>
    </failure>
  </testcase> <!-- methodC -->
  <testcase classname="testcases.ExampleTest" name="checkout" time="0.0">
    <skipped/>
  </testcase> <!-- checkout -->
  <testcase classname="testcases.ExampleTest" name="methodB" time="0.0">
    <ignored/>
  </testcase> <!-- methodB -->
</testsuite> <!-- Test -->
