<?xml version="1.0" encoding="UTF-8"?>
<testsuite xmlns:xsi="http://www.w3.org/2001/XMLSchema-instance" xsi:noNamespaceSchemaLocation="https://maven.apache.org/surefire/maven-surefire-plugin/xsd/surefire-test-report.xsd" version="3.0.1" name="TestSuite" time="0.687" tests="2" errors="0" skipped="0" failures="0">
  <properties>
[...]
</properties>
  <testcase name="contactUs" classname="testcases.WebsiteTest" time="0.004">
    <system-out><![CDATA[BEFORE SUITE:
BEFORE TEST:
BEFORE CLASS:
BEFORE Method:
Contact Us
]]></system-out>
    <system-err><![CDATA[SLF4J(W): No SLF4J providers were found.
SLF4J(W): Defaulting to no-operation (NOP) logger implementation
SLF4J(W): See https://www.slf4j.org/codes.html#noProviders for further details.
]]></system-err>
  </testcase>
  <testcase name="homepage" classname="testcases.WebsiteTest" time="0.004">
    <system-out><![CDATA[AFTER Method:
BEFORE Method:
Home Page
]]></system-out>
  </testcase>
</testsuite>