<?xml version="1.0" encoding="UTF-8"?>
<testng-results ignored="0" total="1" passed="1" failed="0" skipped="0">
  <reporter-output>
  </reporter-output>
  <suite started-at="2026-09-08T21:40:06 IST" name="Surefire suite" finished-at="2026-09-08T21:40:06 IST" duration-ms="65">
    <groups>
    </groups>
    <test started-at="2026-09-08T21:40:06 IST" name="Surefire test" finished-at="2026-09-08T21:40:06 IST" duration-ms="65">
      <class name="gsit_may26_excel.LoginTest">
        <test-method signature="login()[pri:0, instance:gsit_may26_excel.LoginTest@4fe767f3]" started-at="2026-09-08T21:40:06 IST" name="login" finished-at="2026-09-08T21:40:06 IST" duration-ms="5" status="PASS">
          <reporter-output>
          </reporter-output>
        </test-method> <!-- login -->
      </class> <!-- gsit_may26_excel.LoginTest -->
    </test> <!-- Surefire test -->
  </suite> <!-- Surefire suite -->
</testng-results>
