<?xml version="1.0" encoding="UTF-8"?>
<testng-results ignored="0" total="2" passed="2" failed="0" skipped="0">
  <reporter-output>
  </reporter-output>
  <suite started-at="2026-09-23T21:00:53 IST" name="Suite" finished-at="2026-09-23T21:00:53 IST" duration-ms="67">
    <groups>
    </groups>
    <test started-at="2026-09-23T21:00:53 IST" name="Test" finished-at="2026-09-23T21:00:53 IST" duration-ms="67">
      <class name="testcases.WebsiteTest">
        <test-method is-config="true" signature="beforeSuite()[pri:0, instance:testcases.WebsiteTest@2d7275fc]" started-at="2026-09-23T21:00:53 IST" name="beforeSuite" finished-at="2026-09-23T21:00:53 IST" duration-ms="12" status="PASS">
          <reporter-output>
          </reporter-output>
        </test-method> <!-- beforeSuite -->
        <test-method is-config="true" signature="beforeTest()[pri:0, instance:testcases.WebsiteTest@2d7275fc]" started-at="2026-09-23T21:00:53 IST" name="beforeTest" finished-at="2026-09-23T21:00:53 IST" duration-ms="0" status="PASS">
          <reporter-output>
          </reporter-output>
        </test-method> <!-- beforeTest -->
        <test-method is-config="true" signature="beforeClass()[pri:0, instance:testcases.WebsiteTest@2d7275fc]" started-at="2026-09-23T21:00:53 IST" name="beforeClass" finished-at="2026-09-23T21:00:53 IST" duration-ms="1" status="PASS">
          <reporter-output>
          </reporter-output>
        </test-method> <!-- beforeClass -->
        <test-method is-config="true" signature="beforeMethod()[pri:0, instance:testcases.WebsiteTest@2d7275fc]" started-at="2026-09-23T21:00:53 IST" name="beforeMethod" finished-at="2026-09-23T21:00:53 IST" duration-ms="2" status="PASS">
          <reporter-output>
          </reporter-output>
        </test-method> <!-- beforeMethod -->
        <test-method signature="contactUs()[pri:0, instance:testcases.WebsiteTest@2d7275fc]" started-at="2026-09-23T21:00:53 IST" name="contactUs" finished-at="2026-09-23T21:00:53 IST" duration-ms="8" status="PASS">
          <reporter-output>
          </reporter-output>
        </test-method> <!-- contactUs -->
        <test-method is-config="true" signature="afterMethod()[pri:0, instance:testcases.WebsiteTest@2d7275fc]" started-at="2026-09-23T21:00:53 IST" name="afterMethod" finished-at="2026-09-23T21:00:53 IST" duration-ms="2" status="PASS">
          <reporter-output>
          </reporter-output>
        </test-method> <!-- afterMethod -->
        <test-method is-config="true" signature="beforeMethod()[pri:0, instance:testcases.WebsiteTest@2d7275fc]" started-at="2026-09-23T21:00:53 IST" name="beforeMethod" finished-at="2026-09-23T21:00:53 IST" duration-ms="2" status="PASS">
          <reporter-output>
          </reporter-output>
        </test-method> <!-- beforeMethod -->
        <test-method signature="homepage()[pri:0, instance:testcases.WebsiteTest@2d7275fc]" started-at="2026-09-23T21:00:53 IST" name="homepage" finished-at="2026-09-23T21:00:53 IST" duration-ms="2" status="PASS">
          <reporter-output>
          </reporter-output>
        </test-method> <!-- homepage -->
        <test-method is-config="true" signature="afterMethod()[pri:0, instance:testcases.WebsiteTest@2d7275fc]" started-at="2026-09-23T21:00:53 IST" name="afterMethod" finished-at="2026-09-23T21:00:53 IST" duration-ms="0" status="PASS">
          <reporter-output>
          </reporter-output>
        </test-method> <!-- afterMethod -->
        <test-method is-config="true" signature="afterClass()[pri:0, instance:testcases.WebsiteTest@2d7275fc]" started-at="2026-09-23T21:00:53 IST" name="afterClass" finished-at="2026-09-23T21:00:53 IST" duration-ms="2" status="PASS">
          <reporter-output>
          </reporter-output>
        </test-method> <!-- afterClass -->
        <test-method is-config="true" signature="afterTest()[pri:0, instance:testcases.WebsiteTest@2d7275fc]" started-at="2026-09-23T21:00:53 IST" name="afterTest" finished-at="2026-09-23T21:00:53 IST" duration-ms="1" status="PASS">
          <reporter-output>
          </reporter-output>
        </test-method> <!-- afterTest -->
        <test-method is-config="true" signature="afterSuite()[pri:0, instance:testcases.WebsiteTest@2d7275fc]" started-at="2026-09-23T21:00:53 IST" name="afterSuite" finished-at="2026-09-23T21:00:53 IST" duration-ms="0" status="PASS">
          <reporter-output>
          </reporter-output>
        </test-method> <!-- afterSuite -->
      </class> <!-- testcases.WebsiteTest -->
    </test> <!-- Test -->
  </suite> <!-- Suite -->
</testng-results>
