<?xml version="1.0" encoding="UTF-8"?>
<testng-results ignored="0" total="1" passed="1" failed="0" skipped="0">
  <reporter-output>
  </reporter-output>
  <suite started-at="2026-09-23T21:41:39 IST" name="Default suite" finished-at="2026-09-23T21:41:39 IST" duration-ms="89">
    <groups>
    </groups>
    <test started-at="2026-09-23T21:41:39 IST" name="Default test" finished-at="2026-09-23T21:41:39 IST" duration-ms="89">
      <class name="testcases.ExampleLogTest">
        <test-method signature="selenium()[pri:0, instance:testcases.ExampleLogTest@7a362b6b]" started-at="2026-09-23T21:41:39 IST" name="selenium" finished-at="2026-09-23T21:41:39 IST" duration-ms="31" status="PASS">
          <reporter-output>
          </reporter-output>
        </test-method> <!-- selenium -->
      </class> <!-- testcases.ExampleLogTest -->
    </test> <!-- Default test -->
  </suite> <!-- Default suite -->
</testng-results>
