<?xml version="1.0" encoding="UTF-8"?>
<testng-results ignored="0" total="1" passed="1" failed="0" skipped="0">
  <reporter-output>
  </reporter-output>
  <suite started-at="2026-09-08T21:24:47 IST" name="Default suite" finished-at="2026-09-08T21:24:47 IST" duration-ms="93">
    <groups>
    </groups>
    <test started-at="2026-09-08T21:24:47 IST" name="Default test" finished-at="2026-09-08T21:24:47 IST" duration-ms="93">
      <class name="gsit_may26_excel.LoginTest">
        <test-method signature="login()[pri:0, instance:gsit_may26_excel.LoginTest@16d04d3d]" started-at="2026-09-08T21:24:47 IST" name="login" finished-at="2026-09-08T21:24:47 IST" duration-ms="22" status="PASS">
          <reporter-output>
          </reporter-output>
        </test-method> <!-- login -->
      </class> <!-- gsit_may26_excel.LoginTest -->
    </test> <!-- Default test -->
  </suite> <!-- Default suite -->
</testng-results>
