<?xml version="1.0" encoding="UTF-8"?>
<!-- Generated by org.testng.reporters.JUnitReportReporter -->
<testsuite hostname="DESKTOP-A54I250" failures="0" tests="3" name="testcases.DataTest" time="0.011" errors="0" timestamp="2026-09-11T21:39:49 IST" skipped="0">
  <testcase classname="testcases.DataTest" name="login" time="0.004"/>
  <testcase classname="testcases.DataTest" name="login" time="0.005"/>
  <testcase classname="testcases.DataTest" name="login" time="0.002"/>
</testsuite> <!-- testcases.DataTest -->
