<?xml version="1.0" encoding="UTF-8"?>
<!-- Generated by org.testng.reporters.JUnitReportReporter -->
<testsuite hostname="DESKTOP-A54I250" failures="0" tests="3" name="testcases.ParallelTest" time="46.380" errors="0" timestamp="2026-09-10T21:38:57 IST" skipped="0">
  <testcase classname="testcases.ParallelTest" name="methodB" time="13.430"/>
  <testcase classname="testcases.ParallelTest" name="methodC" time="15.759"/>
  <testcase classname="testcases.ParallelTest" name="methodA" time="17.191"/>
</testsuite> <!-- testcases.ParallelTest -->
