<?xml version="1.0" encoding="UTF-8"?>
<!-- Generated by org.testng.reporters.JUnitReportReporter -->
<testsuite hostname="DESKTOP-A54I250" failures="0" tests="3" name="testcases.GroupTest" time="0.017" errors="0" timestamp="2026-09-22T21:10:37 IST" skipped="0">
  <testcase classname="testcases.GroupTest" name="logout" time="0.003"/>
  <testcase classname="testcases.GroupTest" name="login" time="0.012"/>
  <testcase classname="testcases.GroupTest" name="payment" time="0.002"/>
</testsuite> <!-- testcases.GroupTest -->
