<?xml version="1.0" encoding="UTF-8"?>
<!-- Generated by org.testng.reporters.JUnitReportReporter -->
<testsuite hostname="DESKTOP-A54I250" failures="0" tests="3" name="testcases.SeleniumTest" time="27.632" errors="0" timestamp="2026-09-10T21:27:47 IST" skipped="0">
  <testcase classname="testcases.SeleniumTest" name="methodA" time="13.566"/>
  <testcase classname="testcases.SeleniumTest" name="methodB" time="6.347"/>
  <testcase classname="testcases.SeleniumTest" name="methodC" time="7.719"/>
</testsuite> <!-- testcases.SeleniumTest -->
