<?xml version="1.0" encoding="UTF-8"?>
<!-- Generated by org.testng.reporters.JUnitReportReporter -->
<testsuite hostname="DESKTOP-A54I250" failures="0" tests="3" name="testcases.PriorityTest" time="0.021" errors="0" timestamp="2026-09-23T21:00:33 IST" skipped="0">
  <testcase classname="testcases.PriorityTest" name="methodC" time="0.007"/>
  <testcase classname="testcases.PriorityTest" name="methodB" time="0.007"/>
  <testcase classname="testcases.PriorityTest" name="methodA" time="0.007"/>
</testsuite> <!-- testcases.PriorityTest -->
